<?xml version="1.0" encoding="UTF-8"?>
<!-- Generated by org.testng.reporters.JUnitReportReporter -->
<testsuite hostname="DESKTOP-PDHRC70" failures="0" tests="1" name="practice_ser.Run3_Jackson_DeserTest" time="0.489" errors="0" timestamp="2024-09-10T12:07:05 IST" skipped="0">
  <testcase classname="practice_ser.Run3_Jackson_DeserTest" name="sample" time="0.489"/>
</testsuite> <!-- practice_ser.Run3_Jackson_DeserTest -->
