<?xml version="1.0" encoding="UTF-8"?>
<!-- Generated by org.testng.reporters.JUnitReportReporter -->
<testsuite hostname="DESKTOP-PDHRC70" failures="0" tests="1" name="com.sample.crud.withoutBdd.SampleTestToDeleteTest" time="2.695" errors="0" timestamp="2024-09-06T15:52:00 IST" skipped="0">
  <testcase classname="com.sample.crud.withoutBdd.SampleTestToDeleteTest" name="deleteTest" time="2.695"/>
</testsuite> <!-- com.sample.crud.withoutBdd.SampleTestToDeleteTest -->
