<?xml version="1.0" encoding="UTF-8"?>
<!-- Generated by org.testng.reporters.JUnitReportReporter -->
<testsuite hostname="DESKTOP-PDHRC70" failures="0" tests="15" name="in.reqres.api.test.Reqres" time="12.517" errors="0" timestamp="2024-09-24T15:34:27 IST" skipped="0">
  <testcase classname="in.reqres.api.test.Reqres" name="listOfResourse" time="0.110"/>
  <testcase classname="in.reqres.api.test.Reqres" name="registerSuccessfull" time="0.600"/>
  <testcase classname="in.reqres.api.test.Reqres" name="singleResourseNotFound" time="0.080"/>
  <testcase classname="in.reqres.api.test.Reqres" name="singleUserNotFound" time="0.111"/>
  <testcase classname="in.reqres.api.test.Reqres" name="listUsers" time="0.110"/>
  <testcase classname="in.reqres.api.test.Reqres" name="create" time="3.742"/>
  <testcase classname="in.reqres.api.test.Reqres" name="singleResourse" time="0.108"/>
  <testcase classname="in.reqres.api.test.Reqres" name="singleUser" time="0.613"/>
  <testcase classname="in.reqres.api.test.Reqres" name="update1" time="0.458"/>
  <testcase classname="in.reqres.api.test.Reqres" name="delayResponse" time="3.535"/>
  <testcase classname="in.reqres.api.test.Reqres" name="loginSuccessfull" time="0.536"/>
  <testcase classname="in.reqres.api.test.Reqres" name="registerUnSuccessfull" time="0.605"/>
  <testcase classname="in.reqres.api.test.Reqres" name="update" time="0.593"/>
  <testcase classname="in.reqres.api.test.Reqres" name="loginUnSuccessfull" time="0.720"/>
  <testcase classname="in.reqres.api.test.Reqres" name="delete" time="0.596"/>
</testsuite> <!-- in.reqres.api.test.Reqres -->
