<?xml version="1.0" encoding="UTF-8"?>
<!-- Generated by org.testng.reporters.JUnitReportReporter -->
<testsuite hostname="DESKTOP-PDHRC70" failures="0" tests="10" name="ddt.AddMultipleProjectTest" time="3.020" errors="0" timestamp="2024-09-13T16:01:31 IST" skipped="0">
  <testcase classname="ddt.AddMultipleProjectTest" name="sampleTest" time="0.075"/>
  <testcase classname="ddt.AddMultipleProjectTest" name="sampleTest" time="0.038"/>
  <testcase classname="ddt.AddMultipleProjectTest" name="sampleTest" time="0.038"/>
  <testcase classname="ddt.AddMultipleProjectTest" name="sampleTest" time="0.033"/>
  <testcase classname="ddt.AddMultipleProjectTest" name="sampleTest" time="0.033"/>
  <testcase classname="ddt.AddMultipleProjectTest" name="sampleTest" time="0.035"/>
  <testcase classname="ddt.AddMultipleProjectTest" name="sampleTest" time="2.585"/>
  <testcase classname="ddt.AddMultipleProjectTest" name="sampleTest" time="0.099"/>
  <testcase classname="ddt.AddMultipleProjectTest" name="sampleTest" time="0.040"/>
  <testcase classname="ddt.AddMultipleProjectTest" name="sampleTest" time="0.044"/>
</testsuite> <!-- ddt.AddMultipleProjectTest -->
