<?xml version="1.0" encoding="UTF-8"?>
<!-- Generated by org.testng.reporters.JUnitReportReporter -->
<testsuite hostname="DESKTOP-PDHRC70" failures="0" tests="1" name="graphql.test.GetAllProjects" time="3.234" errors="0" timestamp="2024-09-30T10:02:04 IST" skipped="0">
  <testcase classname="graphql.test.GetAllProjects" name="sample3" time="3.234"/>
</testsuite> <!-- graphql.test.GetAllProjects -->
