<?xml version="1.0" encoding="UTF-8"?>
<!-- Generated by org.testng.reporters.JUnitReportReporter -->
<testsuite hostname="DESKTOP-PDHRC70" failures="0" tests="1" name="practice.requestchaining.MicroWebServicesTest" time="5.684" errors="0" timestamp="2024-09-13T17:01:28 IST" skipped="0">
  <testcase classname="practice.requestchaining.MicroWebServicesTest" name="sample" time="5.684"/>
</testsuite> <!-- practice.requestchaining.MicroWebServicesTest -->
