<?xml version="1.0" encoding="UTF-8"?>
<!-- Generated by org.testng.reporters.JUnitReportReporter -->
<testsuite hostname="DESKTOP-PDHRC70" failures="0" tests="1" name="in.reqres.api.test.ListUsers" time="3.327" errors="0" timestamp="2024-09-24T15:08:24 IST" skipped="0">
  <testcase classname="in.reqres.api.test.ListUsers" name="sample" time="3.327"/>
</testsuite> <!-- in.reqres.api.test.ListUsers -->
