<?xml version="1.0" encoding="UTF-8"?>
<!-- Generated by org.testng.reporters.JUnitReportReporter -->
<testsuite hostname="DESKTOP-PDHRC70" failures="0" tests="1" name="panCardMock.PaymentTest" time="2.980" errors="0" timestamp="2024-09-17T12:36:01 IST" skipped="0">
  <testcase classname="panCardMock.PaymentTest" name="sampleTest" time="2.980"/>
</testsuite> <!-- panCardMock.PaymentTest -->
