<?xml version="1.0" encoding="UTF-8"?>
<!-- Generated by org.testng.reporters.JUnitReportReporter -->
<testsuite hostname="DESKTOP-PDHRC70" failures="0" tests="1" name="practice.requestchaining.Scenario_3getPayRollInfo" time="4.198" errors="0" timestamp="2024-09-11T17:22:30 IST" skipped="0">
  <testcase classname="practice.requestchaining.Scenario_3getPayRollInfo" name="sample" time="4.198"/>
</testsuite> <!-- practice.requestchaining.Scenario_3getPayRollInfo -->
