<?xml version="1.0" encoding="UTF-8"?>
<!-- Generated by org.testng.reporters.JUnitReportReporter -->
<testsuite hostname="DESKTOP-PDHRC70" failures="0" tests="1" name="practice.requestchaining.Scenario_4ShopperLogin" time="6.267" errors="0" timestamp="2024-09-14T13:17:05 IST" skipped="0">
  <testcase classname="practice.requestchaining.Scenario_4ShopperLogin" name="sample" time="6.267"/>
</testsuite> <!-- practice.requestchaining.Scenario_4ShopperLogin -->
