<?xml version="1.0" encoding="UTF-8"?>
<!-- Generated by org.testng.reporters.JUnitReportReporter -->
<testsuite hostname="DESKTOP-PDHRC70" failures="0" tests="1" name="PostReqDiffTypes.PostReqUsingJsonFile" time="2.599" errors="0" timestamp="2024-09-10T15:51:31 IST" skipped="0">
  <testcase classname="PostReqDiffTypes.PostReqUsingJsonFile" name="sample" time="2.599"/>
</testsuite> <!-- PostReqDiffTypes.PostReqUsingJsonFile -->
