<?xml version="1.0" encoding="UTF-8"?>
<!-- Generated by org.testng.reporters.JUnitReportReporter -->
<testsuite hostname="DESKTOP-PDHRC70" failures="0" tests="1" name="practice.requestchaining.OauthToken" time="4.127" errors="0" timestamp="2024-09-12T16:31:54 IST" skipped="0">
  <testcase classname="practice.requestchaining.OauthToken" name="sample" time="4.127"/>
</testsuite> <!-- practice.requestchaining.OauthToken -->
