<?xml version="1.0" encoding="UTF-8"?>
<!-- Generated by org.testng.reporters.JUnitReportReporter -->
<testsuite hostname="DESKTOP-PDHRC70" failures="0" tests="1" name="com.sample.crud.withBdd.SampleTestForParticalTest" time="3.024" errors="0" timestamp="2024-09-06T16:41:57 IST" skipped="0">
  <testcase classname="com.sample.crud.withBdd.SampleTestForParticalTest" name="patchDataToServer" time="3.024"/>
</testsuite> <!-- com.sample.crud.withBdd.SampleTestForParticalTest -->
