<?xml version="1.0" encoding="UTF-8"?>
<!-- Generated by org.testng.reporters.JUnitReportReporter -->
<testsuite hostname="DESKTOP-PDHRC70" failures="0" tests="1" name="practice.responseValidation.VerifyData_complexJsonPath" time="3.038" errors="0" timestamp="2024-09-19T14:39:40 IST" skipped="0">
  <testcase classname="practice.responseValidation.VerifyData_complexJsonPath" name="sampleTest" time="3.038"/>
</testsuite> <!-- practice.responseValidation.VerifyData_complexJsonPath -->
