<?xml version="1.0" encoding="UTF-8"?>
<!-- Generated by org.testng.reporters.JUnitReportReporter -->
<testsuite hostname="DESKTOP-PDHRC70" failures="0" tests="1" name="practice_postmanRequestTypes" time="2.743" errors="0" timestamp="2024-09-10T15:33:08 IST" skipped="0">
  <testcase classname="practice_postmanRequestTypes" name="sample" time="2.743"/>
</testsuite> <!-- practice_postmanRequestTypes -->
