<?xml version="1.0" encoding="UTF-8"?>
<!-- Generated by org.testng.reporters.JUnitReportReporter -->
<testsuite hostname="DESKTOP-PDHRC70" failures="0" tests="1" name="typesParameter.ParamParameter" time="2.580" errors="0" timestamp="2024-09-13T19:52:48 IST" skipped="0">
  <testcase classname="typesParameter.ParamParameter" name="sample" time="2.580"/>
</testsuite> <!-- typesParameter.ParamParameter -->
