<?xml version="1.0" encoding="UTF-8"?>
<!-- Generated by org.testng.reporters.JUnitReportReporter -->
<testsuite hostname="DESKTOP-PDHRC70" failures="0" tests="1" name="encryption.UpdatePayTest" time="2.697" errors="0" timestamp="2024-09-13T17:08:20 IST" skipped="0">
  <testcase classname="encryption.UpdatePayTest" name="sampleTest" time="2.697"/>
</testsuite> <!-- encryption.UpdatePayTest -->
