<?xml version="1.0" encoding="UTF-8"?>
<!-- Generated by org.testng.reporters.JUnitReportReporter -->
<testsuite hostname="DESKTOP-PDHRC70" failures="0" tests="1" name="com.sample.crud.withBdd.SampleTestForReadTest" time="3.330" errors="0" timestamp="2024-09-20T17:20:07 IST" skipped="0">
  <testcase classname="com.sample.crud.withBdd.SampleTestForReadTest" name="getDataFromServer" time="3.330"/>
</testsuite> <!-- com.sample.crud.withBdd.SampleTestForReadTest -->
