<?xml version="1.0" encoding="UTF-8"?>
<!-- Generated by org.testng.reporters.JUnitReportReporter -->
<testsuite hostname="DESKTOP-PDHRC70" failures="0" tests="1" name="typesParameter.PathParameter" time="2.545" errors="0" timestamp="2024-09-13T19:51:50 IST" skipped="0">
  <testcase classname="typesParameter.PathParameter" name="sampleTest" time="2.545"/>
</testsuite> <!-- typesParameter.PathParameter -->
