<?xml version="1.0" encoding="UTF-8"?>
<!-- Generated by org.testng.reporters.JUnitReportReporter -->
<testsuite hostname="DESKTOP-PDHRC70" failures="0" tests="1" name="practice.responseValidation.VerifyResponseBodyTest" time="4.612" errors="0" timestamp="2024-09-18T12:56:52 IST" skipped="0">
  <testcase classname="practice.responseValidation.VerifyResponseBodyTest" name="sample" time="4.612"/>
</testsuite> <!-- practice.responseValidation.VerifyResponseBodyTest -->
