<?xml version="1.0" encoding="UTF-8"?>
<!-- Generated by org.testng.reporters.JUnitReportReporter -->
<testsuite hostname="DESKTOP-PDHRC70" failures="0" tests="1" name="encryption.EncodeAndDecode" time="0.021" errors="0" timestamp="2024-09-13T10:17:22 IST" skipped="0">
  <testcase classname="encryption.EncodeAndDecode" name="sampleTest" time="0.021"/>
</testsuite> <!-- encryption.EncodeAndDecode -->
