<?xml version="1.0" encoding="UTF-8"?>
<!-- Generated by org.testng.reporters.JUnitReportReporter -->
<testsuite hostname="DESKTOP-PDHRC70" failures="0" tests="1" name="pac.Run1" time="0.047" errors="0" timestamp="2024-09-06T10:12:06 IST" skipped="0">
  <testcase classname="pac.Run1" name="sample" time="0.047"/>
</testsuite> <!-- pac.Run1 -->
