<?xml version="1.0" encoding="UTF-8"?>
<!-- Generated by org.testng.reporters.JUnitReportReporter -->
<testsuite hostname="DESKTOP-PDHRC70" failures="0" tests="1" name="pac.SampleTest" time="3.361" errors="0" timestamp="2024-09-06T10:53:06 IST" skipped="0">
  <testcase classname="pac.SampleTest" name="sampleGetRequest" time="3.361"/>
</testsuite> <!-- pac.SampleTest -->
