<?xml version="1.0" encoding="UTF-8"?>
<!-- Generated by org.testng.reporters.JUnitReportReporter -->
<testsuite hostname="DESKTOP-PDHRC70" failures="0" tests="1" name="encryption.API_EncodeTest" time="2.649" errors="0" timestamp="2024-09-13T10:16:38 IST" skipped="0">
  <testcase classname="encryption.API_EncodeTest" name="sampleTest" time="2.649"/>
</testsuite> <!-- encryption.API_EncodeTest -->
