<?xml version="1.0" encoding="UTF-8"?>
<!-- Generated by org.testng.reporters.JUnitReportReporter -->
<testsuite hostname="DESKTOP-PDHRC70" failures="0" tests="1" name="encryption.AESEncryption" time="0.067" errors="0" timestamp="2024-09-13T13:01:01 IST" skipped="0">
  <testcase classname="encryption.AESEncryption" name="sampleTest" time="0.067"/>
</testsuite> <!-- encryption.AESEncryption -->
