<?xml version="1.0" encoding="UTF-8"?>
<!-- Generated by org.testng.reporters.JUnitReportReporter -->
<testsuite hostname="DESKTOP-PDHRC70" failures="0" tests="1" name="practice_ser.Run3_Jackson_serTest" time="0.571" errors="0" timestamp="2024-09-12T22:07:10 IST" skipped="0">
  <testcase classname="practice_ser.Run3_Jackson_serTest" name="sample" time="0.571"/>
</testsuite> <!-- practice_ser.Run3_Jackson_serTest -->
