<?xml version="1.0" encoding="UTF-8"?>
<!-- Generated by org.testng.reporters.JUnitReportReporter -->
<testsuite hostname="DESKTOP-PDHRC70" failures="0" tests="1" name="typesParameter.QueryParameter" time="2.988" errors="0" timestamp="2024-09-13T19:49:47 IST" skipped="0">
  <testcase classname="typesParameter.QueryParameter" name="sampleTest" time="2.988"/>
</testsuite> <!-- typesParameter.QueryParameter -->
