<?xml version="1.0" encoding="UTF-8"?>
<!-- Generated by org.testng.reporters.JUnitReportReporter -->
<testsuite hostname="DESKTOP-PDHRC70" failures="0" tests="1" name="PostReqDiffTypes.PostmanRequestUsingJsonObj" time="3.062" errors="0" timestamp="2024-09-10T16:57:06 IST" skipped="0">
  <testcase classname="PostReqDiffTypes.PostmanRequestUsingJsonObj" name="sample" time="3.062"/>
</testsuite> <!-- PostReqDiffTypes.PostmanRequestUsingJsonObj -->
