<?xml version="1.0" encoding="UTF-8"?>
<!-- Generated by org.testng.reporters.JUnitReportReporter -->
<testsuite hostname="DESKTOP-PDHRC70" failures="0" tests="1" name="PostReqDiffTypes.PostReqUsingPOJOClass" time="3.217" errors="0" timestamp="2024-09-24T17:28:08 IST" skipped="0">
  <testcase classname="PostReqDiffTypes.PostReqUsingPOJOClass" name="sample" time="3.217"/>
</testsuite> <!-- PostReqDiffTypes.PostReqUsingPOJOClass -->
