<?xml version="1.0" encoding="UTF-8"?>
<!-- Generated by org.testng.reporters.JUnitReportReporter -->
<testsuite hostname="DESKTOP-PDHRC70" failures="0" tests="1" name="com.sample.crud.withoutBdd.SampleTestForParticalTest" time="2.994" errors="0" timestamp="2024-09-06T15:46:31 IST" skipped="0">
  <testcase classname="com.sample.crud.withoutBdd.SampleTestForParticalTest" name="patchDataToServer" time="2.994"/>
</testsuite> <!-- com.sample.crud.withoutBdd.SampleTestForParticalTest -->
