<?xml version="1.0" encoding="UTF-8"?>
<!-- Generated by org.testng.reporters.JUnitReportReporter -->
<testsuite hostname="DESKTOP-PDHRC70" failures="0" tests="1" name="practice.requestchaining.BearerToken" time="2.772" errors="0" timestamp="2024-09-12T16:29:42 IST" skipped="0">
  <testcase classname="practice.requestchaining.BearerToken" name="sampleTest" time="2.772"/>
</testsuite> <!-- practice.requestchaining.BearerToken -->
