<?xml version="1.0" encoding="UTF-8"?>
<!-- Generated by org.testng.reporters.JUnitReportReporter -->
<testsuite hostname="DESKTOP-PDHRC70" failures="0" tests="1" name="practice.requestchaining.Senario_2AddEmployeToProject" time="4.707" errors="0" timestamp="2024-09-11T16:52:22 IST" skipped="0">
  <testcase classname="practice.requestchaining.Senario_2AddEmployeToProject" name="sample" time="4.707"/>
</testsuite> <!-- practice.requestchaining.Senario_2AddEmployeToProject -->
